This is pdfTeX, Version 3.14159265-2.6-1.40.16 (TeX Live 2015/Debian) (preloaded format=pdflatex 2017.8.28)  26 SEP 2017 10:08
entering extended mode
 restricted \write18 enabled.
 %&-line parsing enabled.
**sol1.tex
(./sol1.tex
LaTeX2e <2016/02/01>
Babel <3.9q> and hyphenation patterns for 12 language(s) loaded.
(/usr/share/texlive/texmf-dist/tex/latex/base/article.cls
Document Class: article 2014/09/29 v1.4h Standard LaTeX document class
(/usr/share/texlive/texmf-dist/tex/latex/base/size10.clo
File: size10.clo 2014/09/29 v1.4h Standard LaTeX file (size option)
)
\c@part=\count79
\c@section=\count80
\c@subsection=\count81
\c@subsubsection=\count82
\c@paragraph=\count83
\c@subparagraph=\count84
\c@figure=\count85
\c@table=\count86
\abovecaptionskip=\skip41
\belowcaptionskip=\skip42
\bibindent=\dimen102
)
(/usr/share/texlive/texmf-dist/tex/latex/psnfss/times.sty
Package: times 2005/04/12 PSNFSS-v9.2a (SPQR) 
)
(/usr/share/texlive/texmf-dist/tex/latex/base/fontenc.sty
Package: fontenc 2005/09/27 v1.99g Standard LaTeX package

(/usr/share/texlive/texmf-dist/tex/latex/base/t1enc.def
File: t1enc.def 2005/09/27 v1.99g Standard LaTeX file
LaTeX Font Info:    Redeclaring font encoding T1 on input line 48.
))
(/usr/share/texlive/texmf-dist/tex/latex/geometry/geometry.sty
Package: geometry 2010/09/12 v5.6 Page Geometry

(/usr/share/texlive/texmf-dist/tex/latex/graphics/keyval.sty
Package: keyval 2014/10/28 v1.15 key=value parser (DPC)
\KV@toks@=\toks14
)
(/usr/share/texlive/texmf-dist/tex/generic/oberdiek/ifpdf.sty
Package: ifpdf 2011/01/30 v2.3 Provides the ifpdf switch (HO)
Package ifpdf Info: pdfTeX in PDF mode is detected.
)
(/usr/share/texlive/texmf-dist/tex/generic/oberdiek/ifvtex.sty
Package: ifvtex 2010/03/01 v1.5 Detect VTeX and its facilities (HO)
Package ifvtex Info: VTeX not detected.
)
(/usr/share/texlive/texmf-dist/tex/generic/ifxetex/ifxetex.sty
Package: ifxetex 2010/09/12 v0.6 Provides ifxetex conditional
)
\Gm@cnth=\count87
\Gm@cntv=\count88
\c@Gm@tempcnt=\count89
\Gm@bindingoffset=\dimen103
\Gm@wd@mp=\dimen104
\Gm@odd@mp=\dimen105
\Gm@even@mp=\dimen106
\Gm@layoutwidth=\dimen107
\Gm@layoutheight=\dimen108
\Gm@layouthoffset=\dimen109
\Gm@layoutvoffset=\dimen110
\Gm@dimlist=\toks15
)
(/usr/share/texlive/texmf-dist/tex/latex/fancyhdr/fancyhdr.sty
\fancy@headwidth=\skip43
\f@ncyO@elh=\skip44
\f@ncyO@erh=\skip45
\f@ncyO@olh=\skip46
\f@ncyO@orh=\skip47
\f@ncyO@elf=\skip48
\f@ncyO@erf=\skip49
\f@ncyO@olf=\skip50
\f@ncyO@orf=\skip51
)
(/usr/share/texlive/texmf-dist/tex/latex/amsmath/amsmath.sty
Package: amsmath 2016/03/03 v2.15a AMS math features
\@mathmargin=\skip52

For additional information on amsmath, use the `?' option.
(/usr/share/texlive/texmf-dist/tex/latex/amsmath/amstext.sty
Package: amstext 2000/06/29 v2.01 AMS text

(/usr/share/texlive/texmf-dist/tex/latex/amsmath/amsgen.sty
File: amsgen.sty 1999/11/30 v2.0 generic functions
\@emptytoks=\toks16
\ex@=\dimen111
))
(/usr/share/texlive/texmf-dist/tex/latex/amsmath/amsbsy.sty
Package: amsbsy 1999/11/29 v1.2d Bold Symbols
\pmbraise@=\dimen112
)
(/usr/share/texlive/texmf-dist/tex/latex/amsmath/amsopn.sty
Package: amsopn 1999/12/14 v2.01 operator names
)
\inf@bad=\count90
LaTeX Info: Redefining \frac on input line 199.
\uproot@=\count91
\leftroot@=\count92
LaTeX Info: Redefining \overline on input line 297.
\classnum@=\count93
\DOTSCASE@=\count94
LaTeX Info: Redefining \ldots on input line 394.
LaTeX Info: Redefining \dots on input line 397.
LaTeX Info: Redefining \cdots on input line 518.
\Mathstrutbox@=\box26
\strutbox@=\box27
\big@size=\dimen113
LaTeX Font Info:    Redeclaring font encoding OML on input line 630.
LaTeX Font Info:    Redeclaring font encoding OMS on input line 631.
\macc@depth=\count95
\c@MaxMatrixCols=\count96
\dotsspace@=\muskip10
\c@parentequation=\count97
\dspbrk@lvl=\count98
\tag@help=\toks17
\row@=\count99
\column@=\count100
\maxfields@=\count101
\andhelp@=\toks18
\eqnshift@=\dimen114
\alignsep@=\dimen115
\tagshift@=\dimen116
\tagwidth@=\dimen117
\totwidth@=\dimen118
\lineht@=\dimen119
\@envbody=\toks19
\multlinegap=\skip53
\multlinetaggap=\skip54
\mathdisplay@stack=\toks20
LaTeX Info: Redefining \[ on input line 2735.
LaTeX Info: Redefining \] on input line 2736.
)
(/usr/share/texlive/texmf-dist/tex/latex/graphics/graphicx.sty
Package: graphicx 2014/10/28 v1.0g Enhanced LaTeX Graphics (DPC,SPQR)

(/usr/share/texlive/texmf-dist/tex/latex/graphics/graphics.sty
Package: graphics 2016/01/03 v1.0q Standard LaTeX Graphics (DPC,SPQR)

(/usr/share/texlive/texmf-dist/tex/latex/graphics/trig.sty
Package: trig 2016/01/03 v1.10 sin cos tan (DPC)
)
(/usr/share/texlive/texmf-dist/tex/latex/latexconfig/graphics.cfg
File: graphics.cfg 2010/04/23 v1.9 graphics configuration of TeX Live
)
Package graphics Info: Driver file: pdftex.def on input line 95.

(/usr/share/texlive/texmf-dist/tex/latex/pdftex-def/pdftex.def
File: pdftex.def 2011/05/27 v0.06d Graphics/color for pdfTeX

(/usr/share/texlive/texmf-dist/tex/generic/oberdiek/infwarerr.sty
Package: infwarerr 2010/04/08 v1.3 Providing info/warning/error messages (HO)
)
(/usr/share/texlive/texmf-dist/tex/generic/oberdiek/ltxcmds.sty
Package: ltxcmds 2011/11/09 v1.22 LaTeX kernel commands for general use (HO)
)
\Gread@gobject=\count102
))
\Gin@req@height=\dimen120
\Gin@req@width=\dimen121
) (./sol1.aux)
\openout1 = `sol1.aux'.

LaTeX Font Info:    Checking defaults for OML/cmm/m/it on input line 28.
LaTeX Font Info:    ... okay on input line 28.
LaTeX Font Info:    Checking defaults for T1/cmr/m/n on input line 28.
LaTeX Font Info:    ... okay on input line 28.
LaTeX Font Info:    Checking defaults for OT1/cmr/m/n on input line 28.
LaTeX Font Info:    ... okay on input line 28.
LaTeX Font Info:    Checking defaults for OMS/cmsy/m/n on input line 28.
LaTeX Font Info:    ... okay on input line 28.
LaTeX Font Info:    Checking defaults for OMX/cmex/m/n on input line 28.
LaTeX Font Info:    ... okay on input line 28.
LaTeX Font Info:    Checking defaults for U/cmr/m/n on input line 28.
LaTeX Font Info:    ... okay on input line 28.
LaTeX Font Info:    Try loading font information for T1+ptm on input line 28.
 (/usr/share/texlive/texmf-dist/tex/latex/psnfss/t1ptm.fd
File: t1ptm.fd 2001/06/04 font definitions for T1/ptm.
)
*geometry* driver: auto-detecting
*geometry* detected driver: pdftex
*geometry* verbose mode - [ preamble ] result:
* driver: pdftex
* paper: <default>
* layout: <same size as paper>
* layoutoffset:(h,v)=(0.0pt,0.0pt)
* modes: 
* h-part:(L,W,R)=(50.58878pt, 513.11745pt, 50.58878pt)
* v-part:(T,H,B)=(72.26999pt, 672.11122pt, 50.58878pt)
* \paperwidth=614.295pt
* \paperheight=794.96999pt
* \textwidth=513.11745pt
* \textheight=672.11122pt
* \oddsidemargin=-21.68121pt
* \evensidemargin=-21.68121pt
* \topmargin=-37.0pt
* \headheight=12.0pt
* \headsep=25.0pt
* \topskip=10.0pt
* \footskip=30.0pt
* \marginparwidth=65.0pt
* \marginparsep=11.0pt
* \columnsep=10.0pt
* \skip\footins=9.0pt plus 4.0pt minus 2.0pt
* \hoffset=0.0pt
* \voffset=0.0pt
* \mag=1000
* \@twocolumnfalse
* \@twosidefalse
* \@mparswitchfalse
* \@reversemarginfalse
* (1in=72.27pt=25.4mm, 1cm=28.453pt)

(/usr/share/texlive/texmf-dist/tex/context/base/supp-pdf.mkii
[Loading MPS to PDF converter (version 2006.09.02).]
\scratchcounter=\count103
\scratchdimen=\dimen122
\scratchbox=\box28
\nofMPsegments=\count104
\nofMParguments=\count105
\everyMPshowfont=\toks21
\MPscratchCnt=\count106
\MPscratchDim=\dimen123
\MPnumerator=\count107
\makeMPintoPDFobject=\count108
\everyMPtoPDFconversion=\toks22
) (/usr/share/texlive/texmf-dist/tex/generic/oberdiek/pdftexcmds.sty
Package: pdftexcmds 2011/11/29 v0.20 Utility functions of pdfTeX for LuaTeX (HO
)

(/usr/share/texlive/texmf-dist/tex/generic/oberdiek/ifluatex.sty
Package: ifluatex 2010/03/01 v1.3 Provides the ifluatex switch (HO)
Package ifluatex Info: LuaTeX not detected.
)
Package pdftexcmds Info: LuaTeX not detected.
Package pdftexcmds Info: \pdf@primitive is available.
Package pdftexcmds Info: \pdf@ifprimitive is available.
Package pdftexcmds Info: \pdfdraftmode found.
)
(/usr/share/texlive/texmf-dist/tex/latex/oberdiek/epstopdf-base.sty
Package: epstopdf-base 2010/02/09 v2.5 Base part for package epstopdf

(/usr/share/texlive/texmf-dist/tex/latex/oberdiek/grfext.sty
Package: grfext 2010/08/19 v1.1 Manage graphics extensions (HO)

(/usr/share/texlive/texmf-dist/tex/generic/oberdiek/kvdefinekeys.sty
Package: kvdefinekeys 2011/04/07 v1.3 Define keys (HO)
))
(/usr/share/texlive/texmf-dist/tex/latex/oberdiek/kvoptions.sty
Package: kvoptions 2011/06/30 v3.11 Key value format for package options (HO)

(/usr/share/texlive/texmf-dist/tex/generic/oberdiek/kvsetkeys.sty
Package: kvsetkeys 2012/04/25 v1.16 Key value parser (HO)

(/usr/share/texlive/texmf-dist/tex/generic/oberdiek/etexcmds.sty
Package: etexcmds 2011/02/16 v1.5 Avoid name clashes with e-TeX commands (HO)
Package etexcmds Info: Could not find \expanded.
(etexcmds)             That can mean that you are not using pdfTeX 1.50 or
(etexcmds)             that some package has redefined \expanded.
(etexcmds)             In the latter case, load this package earlier.
)))
Package grfext Info: Graphics extension search list:
(grfext)             [.png,.pdf,.jpg,.mps,.jpeg,.jbig2,.jb2,.PNG,.PDF,.JPG,.JPE
G,.JBIG2,.JB2,.eps]
(grfext)             \AppendGraphicsExtensions on input line 452.

(/usr/share/texlive/texmf-dist/tex/latex/latexconfig/epstopdf-sys.cfg
File: epstopdf-sys.cfg 2010/07/13 v1.3 Configuration of (r)epstopdf for TeX Liv
e
))
LaTeX Font Info:    Font shape `T1/ptm/bx/n' in size <12> not available
(Font)              Font shape `T1/ptm/b/n' tried instead on input line 32.
LaTeX Font Info:    Font shape `T1/ptm/bx/n' in size <10> not available
(Font)              Font shape `T1/ptm/b/n' tried instead on input line 34.

[1{/var/lib/texmf/fonts/map/pdftex/updmap/pdftex.map}


]
<code/inputs/p2_inp.png, id=15, 482.80376pt x 322.20375pt>
File: code/inputs/p2_inp.png Graphic file (type png)

<use code/inputs/p2_inp.png>
Package pdftex.def Info: code/inputs/p2_inp.png used on input line 76.
(pdftex.def)             Requested size: 149.84442pt x 100.0pt.

<code/outputs/prob2.png, id=16, 482.80376pt x 322.20375pt>
File: code/outputs/prob2.png Graphic file (type png)

<use code/outputs/prob2.png>
Package pdftex.def Info: code/outputs/prob2.png used on input line 82.
(pdftex.def)             Requested size: 149.84442pt x 100.0pt.
 [2

 <./code/inputs/p2_inp.png> <./code/outputs/prob2.png (PNG copy)>] <code/inputs
/p3_inp.png, id=20, 322.20375pt x 482.80376pt>
File: code/inputs/p3_inp.png Graphic file (type png)

<use code/inputs/p3_inp.png>
Package pdftex.def Info: code/inputs/p3_inp.png used on input line 92.
(pdftex.def)             Requested size: 66.73557pt x 100.0pt.

<code/outputs/prob3_a.png, id=21, 322.20375pt x 482.80376pt>
File: code/outputs/prob3_a.png Graphic file (type png)

<use code/outputs/prob3_a.png>
Package pdftex.def Info: code/outputs/prob3_a.png used on input line 98.
(pdftex.def)             Requested size: 66.73557pt x 100.0pt.

<code/outputs/prob3_b_0.png, id=22, 322.20375pt x 482.80376pt>
File: code/outputs/prob3_b_0.png Graphic file (type png)

<use code/outputs/prob3_b_0.png>
Package pdftex.def Info: code/outputs/prob3_b_0.png used on input line 106.
(pdftex.def)             Requested size: 66.73557pt x 100.0pt.

<code/outputs/prob3_b_1.png, id=23, 322.20375pt x 482.80376pt>
File: code/outputs/prob3_b_1.png Graphic file (type png)

<use code/outputs/prob3_b_1.png>
Package pdftex.def Info: code/outputs/prob3_b_1.png used on input line 112.
(pdftex.def)             Requested size: 66.73557pt x 100.0pt.

<code/outputs/prob3_b_2.png, id=24, 322.20375pt x 482.80376pt>
File: code/outputs/prob3_b_2.png Graphic file (type png)

<use code/outputs/prob3_b_2.png>
Package pdftex.def Info: code/outputs/prob3_b_2.png used on input line 118.
(pdftex.def)             Requested size: 66.73557pt x 100.0pt.


LaTeX Warning: `!h' float specifier changed to `!ht'.

<code/outputs/prob3_b_nms0.png, id=25, 322.20375pt x 482.80376pt>
File: code/outputs/prob3_b_nms0.png Graphic file (type png)

<use code/outputs/prob3_b_nms0.png>
Package pdftex.def Info: code/outputs/prob3_b_nms0.png used on input line 126.
(pdftex.def)             Requested size: 66.73557pt x 100.0pt.


LaTeX Warning: `!h' float specifier changed to `!ht'.

<code/outputs/prob3_b_nms1.png, id=26, 322.20375pt x 482.80376pt>
File: code/outputs/prob3_b_nms1.png Graphic file (type png)

<use code/outputs/prob3_b_nms1.png>
Package pdftex.def Info: code/outputs/prob3_b_nms1.png used on input line 132.
(pdftex.def)             Requested size: 66.73557pt x 100.0pt.


LaTeX Warning: `!h' float specifier changed to `!ht'.

<code/outputs/prob3_b_nms2.png, id=27, 322.20375pt x 482.80376pt>
File: code/outputs/prob3_b_nms2.png Graphic file (type png)

<use code/outputs/prob3_b_nms2.png>
Package pdftex.def Info: code/outputs/prob3_b_nms2.png used on input line 138.
(pdftex.def)             Requested size: 66.73557pt x 100.0pt.


LaTeX Warning: `!h' float specifier changed to `!ht'.

[3

 <./code/inputs/p3_inp.png> <./code/outputs/prob3_a.png (PNG copy)> <./code/out
puts/prob3_b_0.png (PNG copy)> <./code/outputs/prob3_b_1.png (PNG copy)>]
[4 <./code/outputs/prob3_b_2.png (PNG copy)> <./code/outputs/prob3_b_nms0.png (
PNG copy)> <./code/outputs/prob3_b_nms1.png (PNG copy)> <./code/outputs/prob3_b
_nms2.png (PNG copy)>]
<code/inputs/p4_nz1.png, id=34, 482.80376pt x 322.20375pt>
File: code/inputs/p4_nz1.png Graphic file (type png)

<use code/inputs/p4_nz1.png>
Package pdftex.def Info: code/inputs/p4_nz1.png used on input line 148.
(pdftex.def)             Requested size: 149.84442pt x 100.0pt.

<code/outputs/prob4_1_a.png, id=35, 482.80376pt x 322.20375pt>
File: code/outputs/prob4_1_a.png Graphic file (type png)

<use code/outputs/prob4_1_a.png>
Package pdftex.def Info: code/outputs/prob4_1_a.png used on input line 154.
(pdftex.def)             Requested size: 149.84442pt x 100.0pt.

<code/outputs/prob4_1_b.png, id=36, 482.80376pt x 322.20375pt>
File: code/outputs/prob4_1_b.png Graphic file (type png)

<use code/outputs/prob4_1_b.png>
Package pdftex.def Info: code/outputs/prob4_1_b.png used on input line 160.
(pdftex.def)             Requested size: 149.84442pt x 100.0pt.

<code/outputs/prob4_1_c.png, id=37, 482.80376pt x 322.20375pt>
File: code/outputs/prob4_1_c.png Graphic file (type png)

<use code/outputs/prob4_1_c.png>
Package pdftex.def Info: code/outputs/prob4_1_c.png used on input line 166.
(pdftex.def)             Requested size: 149.84442pt x 100.0pt.

<code/inputs/p4_nz2.png, id=38, 482.80376pt x 322.20375pt>
File: code/inputs/p4_nz2.png Graphic file (type png)

<use code/inputs/p4_nz2.png>
Package pdftex.def Info: code/inputs/p4_nz2.png used on input line 172.
(pdftex.def)             Requested size: 149.84442pt x 100.0pt.


LaTeX Warning: `!h' float specifier changed to `!ht'.

<code/outputs/prob4_1_rep.png, id=39, 482.80376pt x 322.20375pt>
File: code/outputs/prob4_1_rep.png Graphic file (type png)

<use code/outputs/prob4_1_rep.png>
Package pdftex.def Info: code/outputs/prob4_1_rep.png used on input line 178.
(pdftex.def)             Requested size: 149.84442pt x 100.0pt.


LaTeX Warning: `!h' float specifier changed to `!ht'.

<code/outputs/prob4_2_rep.png, id=40, 482.80376pt x 322.20375pt>
File: code/outputs/prob4_2_rep.png Graphic file (type png)

<use code/outputs/prob4_2_rep.png>
Package pdftex.def Info: code/outputs/prob4_2_rep.png used on input line 184.
(pdftex.def)             Requested size: 149.84442pt x 100.0pt.


LaTeX Warning: `!h' float specifier changed to `!ht'.

[5

 <./code/inputs/p4_nz1.png (PNG copy)> <./code/outputs/prob4_1_a.png (PNG copy)
> <./code/outputs/prob4_1_b.png (PNG copy)> <./code/outputs/prob4_1_c.png (PNG 
copy)>] [6 <./code/inputs/p4_nz2.png (PNG copy)> <./code/outputs/prob4_1_rep.pn
g (PNG copy)> <./code/outputs/prob4_2_rep.png (PNG copy)>]
<prob5_examples.jpg, id=47, 4063.18pt x 3047.385pt>
File: prob5_examples.jpg Graphic file (type jpg)
 <use prob5_examples.jpg>
Package pdftex.def Info: prob5_examples.jpg used on input line 213.
(pdftex.def)             Requested size: 513.11745pt x 384.82813pt.

[7

] <code/outputs/prob5.png, id=53, 966.61125pt x 482.80376pt>
File: code/outputs/prob5.png Graphic file (type png)

<use code/outputs/prob5.png>
Package pdftex.def Info: code/outputs/prob5.png used on input line 221.
(pdftex.def)             Requested size: 200.20674pt x 100.0pt.


LaTeX Warning: `!h' float specifier changed to `!ht'.

[8 <./prob5_examples.jpg>] [9 <./code/outputs/prob5.png (PNG copy)>]
<code/outputs/prob6a_1.png, id=60, 256.96pt x 256.96pt>
File: code/outputs/prob6a_1.png Graphic file (type png)

<use code/outputs/prob6a_1.png>
Package pdftex.def Info: code/outputs/prob6a_1.png used on input line 231.
(pdftex.def)             Requested size: 100.00226pt x 100.0pt.

<code/outputs/prob6a_2.png, id=61, 256.96pt x 256.96pt>
File: code/outputs/prob6a_2.png Graphic file (type png)

<use code/outputs/prob6a_2.png>
Package pdftex.def Info: code/outputs/prob6a_2.png used on input line 237.
(pdftex.def)             Requested size: 100.00226pt x 100.0pt.

<code/outputs/prob6a_3.png, id=62, 256.96pt x 256.96pt>
File: code/outputs/prob6a_3.png Graphic file (type png)

<use code/outputs/prob6a_3.png>
Package pdftex.def Info: code/outputs/prob6a_3.png used on input line 244.
(pdftex.def)             Requested size: 100.00226pt x 100.0pt.
 [10

 <./code/outputs/prob6a_1.png (PNG copy)> <./code/outputs/prob6a_2.png (PNG cop
y)> <./code/outputs/prob6a_3.png (PNG copy)>] <code/outputs/prob6b_2.png, id=66
, 256.96pt x 256.96pt>
File: code/outputs/prob6b_2.png Graphic file (type png)

<use code/outputs/prob6b_2.png>
Package pdftex.def Info: code/outputs/prob6b_2.png used on input line 253.
(pdftex.def)             Requested size: 100.00226pt x 100.0pt.

<code/outputs/prob6b_1.png, id=67, 256.96pt x 256.96pt>
File: code/outputs/prob6b_1.png Graphic file (type png)

<use code/outputs/prob6b_1.png>
Package pdftex.def Info: code/outputs/prob6b_1.png used on input line 259.
(pdftex.def)             Requested size: 100.00226pt x 100.0pt.

<code/outputs/prob6b_0.png, id=68, 256.96pt x 256.96pt>
File: code/outputs/prob6b_0.png Graphic file (type png)

<use code/outputs/prob6b_0.png>
Package pdftex.def Info: code/outputs/prob6b_0.png used on input line 265.
(pdftex.def)             Requested size: 100.00226pt x 100.0pt.

<code/outputs/prob6b.png, id=69, 256.96pt x 256.96pt>
File: code/outputs/prob6b.png Graphic file (type png)

<use code/outputs/prob6b.png>
Package pdftex.def Info: code/outputs/prob6b.png used on input line 271.
(pdftex.def)             Requested size: 100.00226pt x 100.0pt.
LaTeX Font Info:    Try loading font information for OMS+ptm on input line 280.


(/usr/share/texlive/texmf-dist/tex/latex/psnfss/omsptm.fd
File: omsptm.fd 
)
LaTeX Font Info:    Font shape `OMS/ptm/m/n' in size <10> not available
(Font)              Font shape `OMS/cmsy/m/n' tried instead on input line 280.
 [11

 <./code/outputs/prob6b_2.png (PNG copy)> <./code/outputs/prob6b_1.png (PNG cop
y)> <./code/outputs/prob6b_0.png (PNG copy)> <./code/outputs/prob6b.png (PNG co
py)>] [12]
(./sol1.aux) ) 
Here is how much of TeX's memory you used:
 3085 strings out of 494497
 42127 string characters out of 6172400
 107138 words of memory out of 5000000
 6442 multiletter control sequences out of 15000+600000
 19195 words of font info for 27 fonts, out of 8000000 for 9000
 264 hyphenation exceptions out of 8191
 37i,11n,43p,910b,260s stack positions out of 5000i,500n,10000p,200000b,80000s
{/usr/share/texlive/texmf-dist/fonts/enc/dvips/base/8r.enc}</usr/
share/texlive/texmf-dist/fonts/type1/public/amsfonts/cm/cmex10.pfb></usr/share/
texlive/texmf-dist/fonts/type1/public/amsfonts/cm/cmmi10.pfb></usr/share/texliv
e/texmf-dist/fonts/type1/public/amsfonts/cm/cmmi5.pfb></usr/share/texlive/texmf
-dist/fonts/type1/public/amsfonts/cm/cmmi7.pfb></usr/share/texlive/texmf-dist/f
onts/type1/public/amsfonts/cm/cmr10.pfb></usr/share/texlive/texmf-dist/fonts/ty
pe1/public/amsfonts/cm/cmr7.pfb></usr/share/texlive/texmf-dist/fonts/type1/publ
ic/amsfonts/cm/cmsy10.pfb></usr/share/texlive/texmf-dist/fonts/type1/public/ams
fonts/cm/cmsy7.pfb></usr/share/texlive/texmf-dist/fonts/type1/urw/times/utmb8a.
pfb></usr/share/texlive/texmf-dist/fonts/type1/urw/times/utmr8a.pfb>
Output written on sol1.pdf (12 pages, 6309602 bytes).
PDF statistics:
 110 PDF objects out of 1000 (max. 8388607)
 59 compressed objects within 1 object stream
 0 named destinations out of 1000 (max. 500000)
 131 words of extra memory for PDF output out of 10000 (max. 10000000)

